<?xml version="1.0" encoding="UTF-8"?>
<testng-results ignored="0" total="1" passed="1" failed="0" skipped="0">
  <reporter-output>
  </reporter-output>
  <suite started-at="2022-09-21T05:53:09Z" name="Failed suite [InetBankingv1]" finished-at="2022-09-21T05:54:15Z" duration-ms="66482">
    <groups>
    </groups>
    <test started-at="2022-09-21T05:53:09Z" name="BankingApp test(failed)" finished-at="2022-09-21T05:54:15Z" duration-ms="66482">
      <class name="com.inetbanking.testcases.TC_AddCustomerTest_003">
        <test-method is-config="true" signature="setup(java.lang.String)[pri:0, instance:com.inetbanking.testcases.TC_AddCustomerTest_003@29647f75]" started-at="2022-09-21T05:53:09Z" name="setup" finished-at="2022-09-21T05:53:21Z" duration-ms="11707" status="PASS">
          <params>
            <param index="0">
              <value>
                <![CDATA[chrome]]>
              </value>
            </param>
          </params>
          <reporter-output>
          </reporter-output>
        </test-method> <!-- setup -->
        <test-method signature="addNewCustomer()[pri:0, instance:com.inetbanking.testcases.TC_AddCustomerTest_003@29647f75]" started-at="2022-09-21T05:53:21Z" name="addNewCustomer" finished-at="2022-09-21T05:54:15Z" duration-ms="54321" status="PASS">
          <reporter-output>
          </reporter-output>
        </test-method> <!-- addNewCustomer -->
        <test-method is-config="true" signature="tearDown()[pri:0, instance:com.inetbanking.testcases.TC_AddCustomerTest_003@29647f75]" started-at="2022-09-21T05:54:15Z" name="tearDown" finished-at="2022-09-21T05:54:15Z" duration-ms="248" status="PASS">
          <reporter-output>
          </reporter-output>
        </test-method> <!-- tearDown -->
      </class> <!-- com.inetbanking.testcases.TC_AddCustomerTest_003 -->
    </test> <!-- BankingApp test(failed) -->
  </suite> <!-- Failed suite [InetBankingv1] -->
</testng-results>
